2024-06-27T09:13:02.699Z - GET request for / - 404 Not Found
2024-06-27T09:13:02.966Z - GET request for /favicon.ico - 404 Not Found
2024-06-27T09:13:36.700Z - GET request for /index - 404 Not Found
2024-06-27T09:13:43.739Z - GET request for /index.html - 404 Not Found
2024-06-27T09:15:10.767Z - GET request for /frontend/index.html - 404 Not Found
2024-06-27T09:15:17.572Z - GET request for /frontend/index - 404 Not Found
2024-06-27T09:17:52.085Z - GET request for / - 200 OK
2024-06-27T09:17:57.874Z - GET request for /k - 404 Not Found
2024-06-27T09:22:14.348Z - GET request for /k - 404 Not Found
2024-06-27T09:33:08.027Z - GET request for / - 200 OK
2024-06-27T09:35:41.439Z - GET request for / - 200 OK
2024-06-27T09:36:19.642Z - GET request for / - 200 OK
2024-07-22T11:47:19.489Z - GET request for / - 200 OK
2024-07-22T11:47:21.666Z - GET request for /favicon.ico - 404 Not Found
2024-07-22T11:53:52.776Z - GET request for / - 200 OK
2024-07-22T11:53:59.793Z - GET request for / - 200 OK
2024-07-22T11:54:09.673Z - GET request for / - 200 OK
2024-07-22T11:55:07.435Z - GET request for / - 200 OK
2024-07-22T11:56:10.148Z - GET request for / - 200 OK
2024-07-22T12:08:40.306Z - GET request for / - 200 OK
2024-07-22T12:10:10.418Z - GET request for / - 200 OK
2024-07-22T12:10:12.563Z - GET request for / - 200 OK
2024-07-22T12:11:04.884Z - GET request for / - 200 OK
2024-07-22T12:11:06.303Z - GET request for / - 200 OK
2024-07-22T12:12:04.615Z - GET request for / - 200 OK
2024-07-22T12:15:15.270Z - GET request for / - 200 OK
2024-07-22T12:15:17.755Z - GET request for /favicon.ico - 404 Not Found
2024-07-22T12:15:53.679Z - GET request for / - 200 OK
2024-07-22T12:17:15.301Z - GET request for / - 200 OK
2024-07-22T12:17:15.750Z - GET request for /favicon.ico - 404 Not Found
2024-07-22T12:17:33.291Z - GET request for / - 200 OK
2024-07-22T12:17:33.611Z - GET request for /favicon.ico - 404 Not Found
2024-07-22T12:56:53.143Z - GET request for / - 200 OK
2024-07-22T12:56:53.755Z - GET request for /favicon.ico - 404 Not Found
2024-07-22T12:57:02.425Z - GET request for / - 200 OK
2024-07-22T13:05:19.073Z - GET request for / - 200 OK
2024-07-23T10:28:28.672Z - GET request for / - 200 OK
2024-07-23T10:28:34.759Z - GET request for /favicon.ico - 404 Not Found
2024-07-23T10:28:45.146Z - GET request for /index.html - 200 OK
2024-07-23T10:28:45.991Z - GET request for /favicon.ico - 404 Not Found
2024-07-23T10:30:42.852Z - GET request for /index2.html - 404 Not Found
2024-07-23T10:31:02.219Z - GET request for /index2.html - 404 Not Found
2024-07-23T10:31:03.383Z - GET request for /index2.html - 404 Not Found
2024-07-23T10:31:04.524Z - GET request for /index2.html - 404 Not Found
2024-07-23T10:32:54.170Z - GET request for /index.html - 200 OK
2024-07-23T10:33:03.893Z - GET request for /index.html - 200 OK
2024-07-23T10:33:40.822Z - GET request for /index.html - 200 OK
2024-07-23T10:33:47.782Z - GET request for /index.html - 200 OK
2024-07-23T10:33:49.477Z - GET request for /index.html - 200 OK
2024-07-23T10:33:56.334Z - GET request for /about-us.html - 404 Not Found
2024-07-23T10:36:38.442Z - GET request for /about-us.html - 404 Not Found
2024-07-23T10:41:38.878Z - GET request for /about-us.html - 200 OK
2024-07-23T10:41:40.747Z - GET request for /about-us.html - 200 OK
2024-07-23T10:41:44.209Z - GET request for /testimonials.html - 200 OK
2024-07-23T10:41:45.030Z - GET request for /images/Gemini_Generated_Image_t7ew6ht7ew6ht7ew.jpeg - 200 OK
2024-07-23T10:41:52.763Z - GET request for /contact-us.html - 200 OK
2024-07-23T10:42:03.989Z - GET request for /index.html - 200 OK
2024-07-23T10:42:07.364Z - GET request for /testimonials.html - 200 OK
2024-07-23T10:42:07.814Z - GET request for /images/Gemini_Generated_Image_t7ew6ht7ew6ht7ew.jpeg - 200 OK
2024-07-23T10:42:11.541Z - GET request for /index.html - 200 OK
2024-07-23T10:42:19.112Z - GET request for /testimonials.html - 200 OK
2024-07-23T10:42:19.450Z - GET request for /images/Gemini_Generated_Image_t7ew6ht7ew6ht7ew.jpeg - 200 OK
2024-07-23T10:42:30.606Z - GET request for /menu.html - 404 Not Found
2024-07-23T10:44:16.911Z - GET request for /index.html - 200 OK
2024-07-23T10:44:18.462Z - GET request for /index.html - 200 OK
2024-07-23T10:44:19.635Z - GET request for /index.html - 200 OK
2024-07-23T10:57:51.614Z - GET request for /about-us.html - 200 OK
2024-07-23T10:57:55.032Z - GET request for /about-us.html - 200 OK
2024-07-23T10:57:56.517Z - GET request for /testimonials.html - 200 OK
2024-07-23T10:57:56.748Z - GET request for /images/Gemini_Generated_Image_t7ew6ht7ew6ht7ew.jpeg - 200 OK
2024-07-23T10:57:59.622Z - GET request for /contact-us.html - 200 OK
2024-07-23T11:00:47.295Z - GET request for /index.html - 200 OK
2024-07-23T11:00:48.865Z - GET request for /index.html - 200 OK
2024-07-23T11:00:49.511Z - GET request for /index.html - 200 OK
2024-07-23T11:00:50.359Z - GET request for /about-us.html - 200 OK
2024-07-23T11:00:51.482Z - GET request for /about-us.html - 200 OK
2024-07-23T11:00:54.603Z - GET request for /testimonials.html - 200 OK
2024-07-23T11:00:55.012Z - GET request for /images/Gemini_Generated_Image_t7ew6ht7ew6ht7ew.jpeg - 200 OK
2024-07-23T11:00:56.242Z - GET request for /contact-us.html - 200 OK
2024-07-23T11:01:23.383Z - GET request for /contact-us.html - 200 OK
2024-07-23T11:01:24.486Z - GET request for /contact-us.html - 200 OK
2024-07-23T11:01:27.627Z - GET request for /index.html - 200 OK
2024-07-23T11:01:28.143Z - GET request for /images/Gemini_Generated_Image_t7ew6ht7ew6ht7ew.jpeg - 200 OK
2024-07-23T11:01:31.130Z - GET request for /about-us.html - 200 OK
2024-07-23T11:01:34.329Z - GET request for /testimonials.html - 200 OK
2024-07-23T11:03:04.641Z - GET request for /testimonials.html - 200 OK
2024-07-23T11:03:06.276Z - GET request for /index.html - 200 OK
2024-07-23T11:03:06.564Z - GET request for /images/Gemini_Generated_Image_t7ew6ht7ew6ht7ew.jpeg - 200 OK
2024-07-23T11:03:13.067Z - GET request for /menu.html - 404 Not Found
2024-07-23T11:04:10.153Z - GET request for /index.html - 200 OK
2024-07-23T11:04:10.365Z - GET request for /images/Gemini_Generated_Image_t7ew6ht7ew6ht7ew.jpeg - 200 OK
2024-07-23T11:04:37.519Z - GET request for /index.html - 200 OK
2024-07-23T11:04:37.672Z - GET request for /images/Gemini_Generated_Image_t7ew6ht7ew6ht7ew.jpeg - 200 OK
2024-07-23T11:05:47.586Z - GET request for /index.html - 200 OK
2024-07-23T11:05:47.758Z - GET request for /images/Gemini_Generated_Image_t7ew6ht7ew6ht7ew.jpeg - 200 OK
2024-07-23T11:13:37.504Z - GET request for /index.html - 200 OK
2024-07-23T11:13:37.927Z - GET request for /images/Gemini_Generated_Image_t7ew6ht7ew6ht7ew.jpeg - 200 OK
2024-07-23T11:13:38.094Z - GET request for /favicon.ico - 404 Not Found
2024-07-23T11:14:01.637Z - GET request for /index.html - 200 OK
2024-07-23T11:14:01.794Z - GET request for /images/Gemini_Generated_Image_t7ew6ht7ew6ht7ew.jpeg - 200 OK
2024-07-23T11:14:02.723Z - GET request for /about-us.html - 200 OK
2024-07-23T11:14:04.036Z - GET request for /testimonials.html - 200 OK
2024-07-23T11:14:05.131Z - GET request for /contact-us.html - 200 OK
2024-07-23T11:14:06.174Z - GET request for /index.html - 200 OK
2024-07-23T11:14:06.390Z - GET request for /images/Gemini_Generated_Image_t7ew6ht7ew6ht7ew.jpeg - 200 OK
2024-07-23T11:22:48.884Z - GET request for /index.html - 200 OK
2024-07-23T11:22:49.108Z - GET request for /images/Gemini_Generated_Image_t7ew6ht7ew6ht7ew.jpeg - 200 OK
2024-07-23T11:23:28.535Z - GET request for /index.html - 200 OK
2024-07-23T11:23:28.763Z - GET request for /images/Gemini_Generated_Image_t7ew6ht7ew6ht7ew.jpeg - 200 OK
2024-07-23T11:23:56.925Z - GET request for /about-us.html - 200 OK
2024-07-23T11:24:00.184Z - GET request for /index.html - 200 OK
2024-07-23T11:24:01.105Z - GET request for /images/Gemini_Generated_Image_t7ew6ht7ew6ht7ew.jpeg - 200 OK
2024-07-23T12:21:15.623Z - GET request for /index.html - 200 OK
2024-07-23T12:21:15.833Z - GET request for /images/bimo-luki-mwHzM7qB7vk-unsplash.jpg - 200 OK
2024-07-23T12:21:16.098Z - GET request for /favicon.ico - 404 Not Found
2024-07-23T12:23:14.330Z - GET request for /index.html - 200 OK
2024-07-23T12:23:14.480Z - GET request for /images/bimo-luki-mwHzM7qB7vk-unsplash.jpg - 200 OK
2024-07-23T12:23:16.058Z - GET request for /index.html - 200 OK
2024-07-23T12:23:16.223Z - GET request for /images/bimo-luki-mwHzM7qB7vk-unsplash.jpg - 200 OK
2024-07-23T12:24:09.361Z - GET request for /index.html - 200 OK
2024-07-23T12:24:09.573Z - GET request for /images/bimo-luki-mwHzM7qB7vk-unsplash.jpg - 200 OK
2024-07-23T12:25:38.962Z - GET request for /index.html - 200 OK
2024-07-23T12:25:39.207Z - GET request for /images/bimo-luki-mwHzM7qB7vk-unsplash.jpg - 200 OK
2024-07-23T12:25:50.106Z - GET request for /index.html - 200 OK
2024-07-23T12:25:50.301Z - GET request for /images/bimo-luki-mwHzM7qB7vk-unsplash.jpg - 200 OK
2024-07-23T12:27:33.452Z - GET request for /index.html - 200 OK
2024-07-23T12:27:33.708Z - GET request for /images/bimo-luki-mwHzM7qB7vk-unsplash.jpg - 200 OK
2024-07-23T12:28:20.257Z - GET request for /index.html - 200 OK
2024-07-23T12:28:20.459Z - GET request for /images/bimo-luki-mwHzM7qB7vk-unsplash.jpg - 200 OK
2024-07-23T12:29:05.586Z - GET request for /index.html - 200 OK
2024-07-23T12:29:05.917Z - GET request for /images/bimo-luki-mwHzM7qB7vk-unsplash.jpg - 200 OK
2024-07-23T12:29:50.190Z - GET request for /index.html - 200 OK
2024-07-23T12:29:50.459Z - GET request for /images/bimo-luki-mwHzM7qB7vk-unsplash.jpg - 200 OK
2024-07-23T12:31:29.655Z - GET request for /index.html - 200 OK
2024-07-23T12:31:29.930Z - GET request for /images/bimo-luki-mwHzM7qB7vk-unsplash.jpg - 200 OK
2024-07-23T12:32:34.466Z - GET request for /index.html - 200 OK
2024-07-23T12:32:34.620Z - GET request for /images/bimo-luki-mwHzM7qB7vk-unsplash.jpg - 200 OK
2024-07-23T12:32:52.686Z - GET request for /index.html - 200 OK
2024-07-23T12:32:52.863Z - GET request for /images/bimo-luki-mwHzM7qB7vk-unsplash.jpg - 200 OK
2024-07-23T12:33:26.177Z - GET request for /index.html - 200 OK
2024-07-23T12:33:26.334Z - GET request for /images/bimo-luki-mwHzM7qB7vk-unsplash.jpg - 200 OK
2024-07-23T12:34:09.714Z - GET request for /index.html - 200 OK
2024-07-23T12:34:09.878Z - GET request for /images/bimo-luki-mwHzM7qB7vk-unsplash.jpg - 200 OK
2024-07-23T12:34:37.464Z - GET request for /index.html - 200 OK
2024-07-23T12:34:37.591Z - GET request for /images/bimo-luki-mwHzM7qB7vk-unsplash.jpg - 200 OK
2024-07-23T12:35:27.774Z - GET request for /index.html - 200 OK
2024-07-23T12:35:27.954Z - GET request for /images/bimo-luki-mwHzM7qB7vk-unsplash.jpg - 200 OK
2024-07-23T12:36:31.879Z - GET request for /index.html - 200 OK
2024-07-23T12:36:32.057Z - GET request for /images/bimo-luki-mwHzM7qB7vk-unsplash.jpg - 200 OK
2024-07-23T12:37:16.500Z - GET request for /index.html - 200 OK
2024-07-23T12:37:16.663Z - GET request for /images/bimo-luki-mwHzM7qB7vk-unsplash.jpg - 200 OK
2024-07-23T12:37:51.101Z - GET request for /index.html - 200 OK
2024-07-23T12:37:51.254Z - GET request for /images/bimo-luki-mwHzM7qB7vk-unsplash.jpg - 200 OK
2024-07-23T12:38:47.928Z - GET request for /index.html - 200 OK
2024-07-23T12:38:48.271Z - GET request for /images/bimo-luki-mwHzM7qB7vk-unsplash.jpg - 200 OK
2024-07-23T12:39:33.593Z - GET request for /index.html - 200 OK
2024-07-23T12:39:33.753Z - GET request for /images/bimo-luki-mwHzM7qB7vk-unsplash.jpg - 200 OK
2024-07-23T12:41:27.628Z - GET request for /index.html - 200 OK
2024-07-23T12:41:27.911Z - GET request for /images/bimo-luki-mwHzM7qB7vk-unsplash.jpg - 200 OK
2024-07-23T12:41:32.805Z - GET request for /menu.html - 404 Not Found
2024-07-23T12:42:03.597Z - GET request for /menu.html - 404 Not Found
2024-07-23T12:42:22.565Z - GET request for /index.html - 200 OK
2024-07-23T12:42:22.763Z - GET request for /images/bimo-luki-mwHzM7qB7vk-unsplash.jpg - 200 OK
2024-07-23T12:45:10.076Z - GET request for /index.html - 200 OK
2024-07-23T12:45:10.348Z - GET request for /images/bimo-luki-mwHzM7qB7vk-unsplash.jpg - 200 OK
2024-07-23T12:45:10.607Z - GET request for /favicon.ico - 404 Not Found
2024-07-23T12:46:27.541Z - GET request for /index.html - 200 OK
2024-07-23T12:46:27.838Z - GET request for /images/bimo-luki-mwHzM7qB7vk-unsplash.jpg - 200 OK
2024-07-23T12:46:58.710Z - GET request for /index.html - 200 OK
2024-07-23T12:46:58.883Z - GET request for /images/bimo-luki-mwHzM7qB7vk-unsplash.jpg - 200 OK
2024-07-23T12:47:16.262Z - GET request for /index.html - 200 OK
2024-07-23T12:47:16.424Z - GET request for /images/bimo-luki-mwHzM7qB7vk-unsplash.jpg - 200 OK
2024-07-23T12:47:41.450Z - GET request for /index.html - 200 OK
2024-07-23T12:47:41.606Z - GET request for /images/bimo-luki-mwHzM7qB7vk-unsplash.jpg - 200 OK
2024-07-23T12:47:58.318Z - GET request for /index.html - 200 OK
2024-07-23T12:47:58.482Z - GET request for /images/bimo-luki-mwHzM7qB7vk-unsplash.jpg - 200 OK
2024-07-23T12:48:29.998Z - GET request for /index.html - 200 OK
2024-07-23T12:48:30.173Z - GET request for /images/bimo-luki-mwHzM7qB7vk-unsplash.jpg - 200 OK
2024-07-23T12:49:19.463Z - GET request for /index.html - 200 OK
2024-07-23T12:49:19.635Z - GET request for /images/bimo-luki-mwHzM7qB7vk-unsplash.jpg - 200 OK
2024-07-23T12:49:56.697Z - GET request for /index.html - 200 OK
2024-07-23T12:49:56.946Z - GET request for /images/bimo-luki-mwHzM7qB7vk-unsplash.jpg - 200 OK
2024-07-23T12:50:17.051Z - GET request for /index.html - 200 OK
2024-07-23T12:50:17.299Z - GET request for /images/bimo-luki-mwHzM7qB7vk-unsplash.jpg - 200 OK
2024-07-23T12:51:12.797Z - GET request for /index.html - 200 OK
2024-07-23T12:51:13.053Z - GET request for /images/bimo-luki-mwHzM7qB7vk-unsplash.jpg - 200 OK
2024-07-23T12:52:00.774Z - GET request for /index.html - 200 OK
2024-07-23T12:52:01.000Z - GET request for /images/bimo-luki-mwHzM7qB7vk-unsplash.jpg - 200 OK
2024-07-23T12:52:22.364Z - GET request for /testimonials.html - 200 OK
2024-07-23T12:53:06.973Z - GET request for /index.html - 200 OK
2024-07-23T12:53:07.175Z - GET request for /images/bimo-luki-mwHzM7qB7vk-unsplash.jpg - 200 OK
2024-07-23T12:53:28.060Z - GET request for /index.html - 200 OK
2024-07-23T12:53:28.274Z - GET request for /images/bimo-luki-mwHzM7qB7vk-unsplash.jpg - 200 OK
2024-07-23T12:58:11.395Z - GET request for /about-us.html - 200 OK
2024-07-23T12:58:11.646Z - GET request for /images/team-member-1.jpg - 404 Not Found
2024-07-23T12:58:11.647Z - GET request for /images/team-member-2.jpg - 404 Not Found
2024-07-23T12:58:31.344Z - GET request for /index.html - 200 OK
2024-07-23T12:58:31.563Z - GET request for /images/bimo-luki-mwHzM7qB7vk-unsplash.jpg - 200 OK
2024-07-23T12:58:44.067Z - GET request for /about-us.html - 200 OK
2024-07-23T12:58:44.300Z - GET request for /images/team-member-1.jpg - 404 Not Found
2024-07-23T12:58:44.301Z - GET request for /images/team-member-2.jpg - 404 Not Found
2024-07-23T12:59:08.968Z - GET request for /index.html - 200 OK
2024-07-23T12:59:09.215Z - GET request for /images/bimo-luki-mwHzM7qB7vk-unsplash.jpg - 200 OK
2024-07-23T12:59:19.222Z - GET request for /about-us.html - 200 OK
2024-07-23T12:59:19.446Z - GET request for /images/team-member-1.jpg - 404 Not Found
2024-07-23T12:59:19.447Z - GET request for /images/team-member-2.jpg - 404 Not Found
2024-07-23T12:59:22.297Z - GET request for /testimonials.html - 200 OK
2024-07-23T12:59:25.665Z - GET request for /about-us.html - 200 OK
2024-07-23T12:59:26.096Z - GET request for /images/team-member-1.jpg - 404 Not Found
2024-07-23T12:59:26.097Z - GET request for /images/team-member-2.jpg - 404 Not Found
2024-07-23T13:11:57.689Z - GET request for /about-us.html - 200 OK
2024-07-23T13:11:58.017Z - GET request for /images/jason-leung-poI7DelFiVA-unsplash.jpg - 200 OK
2024-07-23T13:11:58.441Z - GET request for /images/team-member-1.jpg - 404 Not Found
2024-07-23T13:11:58.442Z - GET request for /images/team-member-2.jpg - 404 Not Found
2024-07-23T13:11:58.447Z - GET request for /favicon.ico - 404 Not Found
2024-07-23T13:12:47.987Z - GET request for /about-us.html - 200 OK
2024-07-23T13:12:48.227Z - GET request for /images/team-member-1.jpg - 404 Not Found
2024-07-23T13:12:48.233Z - GET request for /images/team-member-2.jpg - 404 Not Found
2024-07-23T13:12:48.311Z - GET request for /images/jason-leung-poI7DelFiVA-unsplash.jpg - 200 OK
2024-07-23T13:13:48.557Z - GET request for /about-us.html - 200 OK
2024-07-23T13:13:48.822Z - GET request for /images/team-member-1.jpg - 404 Not Found
2024-07-23T13:13:48.823Z - GET request for /images/team-member-2.jpg - 404 Not Found
2024-07-23T13:13:48.894Z - GET request for /images/jason-leung-poI7DelFiVA-unsplash.jpg - 200 OK
2024-07-23T13:16:11.967Z - GET request for /about-us.html - 200 OK
2024-07-23T13:16:12.159Z - GET request for /images/team-member-1.jpg - 404 Not Found
2024-07-23T13:16:12.160Z - GET request for /images/team-member-2.jpg - 404 Not Found
2024-07-23T13:16:12.254Z - GET request for /images/jason-leung-poI7DelFiVA-unsplash.jpg - 200 OK
2024-07-23T13:16:12.959Z - GET request for /favicon.ico - 404 Not Found
2024-07-23T13:17:11.960Z - GET request for /about-us.html - 200 OK
2024-07-23T13:17:12.236Z - GET request for /images/team-member-1.jpg - 404 Not Found
2024-07-23T13:17:12.246Z - GET request for /images/team-member-2.jpg - 404 Not Found
2024-07-23T13:17:12.318Z - GET request for /images/jason-leung-poI7DelFiVA-unsplash.jpg - 200 OK
2024-07-23T13:17:24.707Z - GET request for /testimonials.html - 200 OK
2024-07-23T13:17:26.490Z - GET request for /about-us.html - 200 OK
2024-07-23T13:17:26.792Z - GET request for /images/team-member-1.jpg - 404 Not Found
2024-07-23T13:17:26.799Z - GET request for /images/team-member-2.jpg - 404 Not Found
2024-07-23T13:17:26.858Z - GET request for /images/jason-leung-poI7DelFiVA-unsplash.jpg - 200 OK
2024-07-23T13:17:48.003Z - GET request for /index.html - 200 OK
2024-07-23T13:17:48.300Z - GET request for /images/bimo-luki-mwHzM7qB7vk-unsplash.jpg - 200 OK
2024-07-23T13:19:54.075Z - GET request for /about-us.html - 200 OK
2024-07-23T13:19:54.362Z - GET request for /images/team-member-1.jpg - 404 Not Found
2024-07-23T13:19:54.364Z - GET request for /images/team-member-2.jpg - 404 Not Found
2024-07-23T13:19:54.455Z - GET request for /images/jason-leung-poI7DelFiVA-unsplash.jpg - 200 OK
2024-07-23T13:19:54.933Z - GET request for /favicon.ico - 404 Not Found
2024-07-23T13:20:46.015Z - GET request for /about-us.html - 200 OK
2024-07-23T13:20:46.210Z - GET request for /images/team-member-1.jpg - 404 Not Found
2024-07-23T13:20:46.210Z - GET request for /images/team-member-2.jpg - 404 Not Found
2024-07-23T13:20:46.275Z - GET request for /images/jason-leung-poI7DelFiVA-unsplash.jpg - 200 OK
2024-07-23T13:22:05.954Z - GET request for /about-us.html - 200 OK
2024-07-23T13:22:06.142Z - GET request for /images/team-member-1.jpg - 404 Not Found
2024-07-23T13:22:06.145Z - GET request for /images/team-member-2.jpg - 404 Not Found
2024-07-23T13:22:06.175Z - GET request for /images/jason-leung-poI7DelFiVA-unsplash.jpg - 200 OK
2024-07-23T13:22:23.487Z - GET request for /about-us.html - 200 OK
2024-07-23T13:22:23.648Z - GET request for /images/team-member-1.jpg - 404 Not Found
2024-07-23T13:22:23.652Z - GET request for /images/team-member-2.jpg - 404 Not Found
2024-07-23T13:22:23.776Z - GET request for /images/jason-leung-poI7DelFiVA-unsplash.jpg - 200 OK
2024-07-23T13:22:33.268Z - GET request for /about-us.html - 200 OK
2024-07-23T13:22:33.465Z - GET request for /images/team-member-1.jpg - 404 Not Found
2024-07-23T13:22:33.491Z - GET request for /images/team-member-2.jpg - 404 Not Found
2024-07-23T13:22:33.569Z - GET request for /images/jason-leung-poI7DelFiVA-unsplash.jpg - 200 OK
2024-07-23T13:23:20.781Z - GET request for /about-us.html - 200 OK
2024-07-23T13:23:20.969Z - GET request for /images/team-member-1.jpg - 404 Not Found
2024-07-23T13:23:20.970Z - GET request for /images/team-member-2.jpg - 404 Not Found
2024-07-23T13:23:21.076Z - GET request for /images/jason-leung-poI7DelFiVA-unsplash.jpg - 200 OK
2024-07-23T13:23:32.104Z - GET request for /index.html - 200 OK
2024-07-23T13:23:32.414Z - GET request for /images/bimo-luki-mwHzM7qB7vk-unsplash.jpg - 200 OK
2024-07-23T13:23:35.814Z - GET request for /about-us.html - 200 OK
2024-07-23T13:23:36.074Z - GET request for /images/team-member-1.jpg - 404 Not Found
2024-07-23T13:23:36.082Z - GET request for /images/team-member-2.jpg - 404 Not Found
2024-07-23T13:23:36.120Z - GET request for /images/jason-leung-poI7DelFiVA-unsplash.jpg - 200 OK
2024-07-23T13:30:45.420Z - GET request for /about-us.html - 200 OK
2024-07-23T13:30:45.708Z - GET request for /images/team-member-2.jpg - 404 Not Found
2024-07-23T13:30:46.112Z - GET request for /images/jason-leung-poI7DelFiVA-unsplash.jpg - 200 OK
2024-07-23T13:30:46.449Z - GET request for /favicon.ico - 404 Not Found
2024-07-23T13:31:06.859Z - GET request for /about-us.html - 200 OK
2024-07-23T13:31:07.119Z - GET request for /images/team-member-2.jpg - 404 Not Found
2024-07-23T13:31:07.132Z - GET request for /images/elizeu-dias-2EGNqazbAMk-unsplash.jpg - 200 OK
2024-07-23T13:31:07.177Z - GET request for /images/jason-leung-poI7DelFiVA-unsplash.jpg - 200 OK
2024-07-23T13:32:39.034Z - GET request for /about-us.html - 200 OK
2024-07-23T13:32:39.323Z - GET request for /images/team-member-2.jpg - 404 Not Found
2024-07-23T13:32:39.473Z - GET request for /images/elizeu-dias-2EGNqazbAMk-unsplash.jpg - 200 OK
2024-07-23T13:32:39.476Z - GET request for /images/jason-leung-poI7DelFiVA-unsplash.jpg - 200 OK
2024-07-23T13:32:57.893Z - GET request for /about-us.html - 200 OK
2024-07-23T13:32:58.266Z - GET request for /images/team-member-2.jpg - 404 Not Found
2024-07-23T13:32:58.326Z - GET request for /images/elizeu-dias-2EGNqazbAMk-unsplash.jpg - 200 OK
2024-07-23T13:32:58.336Z - GET request for /images/jason-leung-poI7DelFiVA-unsplash.jpg - 200 OK
2024-07-23T13:33:44.199Z - GET request for /about-us.html - 200 OK
2024-07-23T13:33:44.499Z - GET request for /images/team-member-2.jpg - 404 Not Found
2024-07-23T13:33:44.560Z - GET request for /images/elizeu-dias-2EGNqazbAMk-unsplash.jpg - 200 OK
2024-07-23T13:33:44.565Z - GET request for /images/jason-leung-poI7DelFiVA-unsplash.jpg - 200 OK
2024-07-23T13:34:01.878Z - GET request for /about-us.html - 200 OK
2024-07-23T13:34:02.231Z - GET request for /images/team-member-2.jpg - 404 Not Found
2024-07-23T13:34:02.313Z - GET request for /images/elizeu-dias-2EGNqazbAMk-unsplash.jpg - 200 OK
2024-07-23T13:34:02.321Z - GET request for /images/jason-leung-poI7DelFiVA-unsplash.jpg - 200 OK
2024-07-23T13:34:59.254Z - GET request for /about-us.html - 200 OK
2024-07-23T13:34:59.502Z - GET request for /images/mohamed-nohassi-hhSedyEULtQ-unsplash.jpg - 200 OK
2024-07-23T13:34:59.556Z - GET request for /images/elizeu-dias-2EGNqazbAMk-unsplash.jpg - 200 OK
2024-07-23T13:34:59.562Z - GET request for /images/jason-leung-poI7DelFiVA-unsplash.jpg - 200 OK
2024-07-23T13:35:27.296Z - GET request for /about-us.html - 200 OK
2024-07-23T13:35:27.603Z - GET request for /images/jason-leung-poI7DelFiVA-unsplash.jpg - 200 OK
2024-07-23T13:35:27.616Z - GET request for /images/mohamed-nohassi-hhSedyEULtQ-unsplash.jpg - 200 OK
2024-07-23T13:35:27.623Z - GET request for /images/elizeu-dias-2EGNqazbAMk-unsplash.jpg - 200 OK
2024-07-23T13:35:51.225Z - GET request for /about-us.html - 200 OK
2024-07-23T13:35:51.495Z - GET request for /images/elizeu-dias-2EGNqazbAMk-unsplash.jpg - 200 OK
2024-07-23T13:35:51.498Z - GET request for /images/mohamed-nohassi-hhSedyEULtQ-unsplash.jpg - 200 OK
2024-07-23T13:35:51.501Z - GET request for /images/jason-leung-poI7DelFiVA-unsplash.jpg - 200 OK
2024-07-23T13:36:06.001Z - GET request for /testimonials.html - 200 OK
2024-07-23T13:36:07.519Z - GET request for /about-us.html - 200 OK
2024-07-23T13:36:07.976Z - GET request for /images/jason-leung-poI7DelFiVA-unsplash.jpg - 200 OK
2024-07-23T13:36:07.981Z - GET request for /images/elizeu-dias-2EGNqazbAMk-unsplash.jpg - 200 OK
2024-07-23T13:36:07.994Z - GET request for /images/mohamed-nohassi-hhSedyEULtQ-unsplash.jpg - 200 OK
2024-07-23T13:37:50.964Z - GET request for /about-us.html - 200 OK
2024-07-23T13:37:51.210Z - GET request for /images/jason-leung-poI7DelFiVA-unsplash.jpg - 200 OK
2024-07-23T13:37:51.213Z - GET request for /images/mohamed-nohassi-hhSedyEULtQ-unsplash.jpg - 200 OK
2024-07-23T13:37:51.216Z - GET request for /images/elizeu-dias-2EGNqazbAMk-unsplash.jpg - 200 OK
2024-07-23T13:40:16.098Z - GET request for /about-us.html - 200 OK
2024-07-23T13:40:16.333Z - GET request for /images/usman-yousaf-q2q5CdLuWnI-unsplash.jpg - 200 OK
2024-07-23T13:40:16.455Z - GET request for /images/mohamed-nohassi-hhSedyEULtQ-unsplash.jpg - 200 OK
2024-07-23T13:40:16.462Z - GET request for /images/elizeu-dias-2EGNqazbAMk-unsplash.jpg - 200 OK
2024-07-23T13:40:16.482Z - GET request for /images/jason-leung-poI7DelFiVA-unsplash.jpg - 200 OK
2024-07-23T13:40:23.735Z - GET request for /testimonials.html - 200 OK
2024-07-23T13:40:27.472Z - GET request for /about-us.html - 200 OK
2024-07-23T13:40:27.777Z - GET request for /images/mohamed-nohassi-hhSedyEULtQ-unsplash.jpg - 200 OK
2024-07-23T13:40:27.779Z - GET request for /images/elizeu-dias-2EGNqazbAMk-unsplash.jpg - 200 OK
2024-07-23T13:40:27.783Z - GET request for /images/usman-yousaf-q2q5CdLuWnI-unsplash.jpg - 200 OK
2024-07-23T13:40:27.787Z - GET request for /images/jason-leung-poI7DelFiVA-unsplash.jpg - 200 OK
2024-07-23T13:40:29.742Z - GET request for /testimonials.html - 200 OK
2024-07-23T13:40:33.674Z - GET request for /about-us.html - 200 OK
2024-07-23T13:40:34.195Z - GET request for /images/elizeu-dias-2EGNqazbAMk-unsplash.jpg - 200 OK
2024-07-23T13:40:34.199Z - GET request for /images/jason-leung-poI7DelFiVA-unsplash.jpg - 200 OK
2024-07-23T13:40:34.201Z - GET request for /images/usman-yousaf-q2q5CdLuWnI-unsplash.jpg - 200 OK
2024-07-23T13:40:34.202Z - GET request for /images/mohamed-nohassi-hhSedyEULtQ-unsplash.jpg - 200 OK
2024-07-23T13:43:31.645Z - GET request for /testimonials.html - 200 OK
2024-07-23T13:43:53.727Z - GET request for /testimonials.html - 200 OK
2024-07-23T13:46:27.885Z - GET request for /testimonials.html - 200 OK
2024-07-23T13:46:28.122Z - GET request for /images/customer-image.jpg - 404 Not Found
2024-07-23T13:49:54.283Z - GET request for /testimonials.html - 200 OK
2024-07-23T13:49:54.484Z - GET request for /images/christian-buehner-DItYlc26zVI-unsplash.jpg - 200 OK
2024-07-23T13:49:54.485Z - GET request for /images/customer-image.jpg - 404 Not Found
2024-07-23T13:49:54.703Z - GET request for /favicon.ico - 404 Not Found
2024-07-23T13:50:03.898Z - GET request for /testimonials.html - 200 OK
2024-07-23T13:50:04.126Z - GET request for /images/customer-image.jpg - 404 Not Found
2024-07-23T13:50:04.166Z - GET request for /images/christian-buehner-DItYlc26zVI-unsplash.jpg - 200 OK
2024-07-23T13:53:23.337Z - GET request for /testimonials.html - 200 OK
2024-07-23T13:53:23.536Z - GET request for /images/customer-image.jpg - 404 Not Found
2024-07-23T13:53:26.686Z - GET request for /testimonials.html - 200 OK
2024-07-23T13:53:27.146Z - GET request for /images/customer-image.jpg - 404 Not Found
2024-07-23T13:53:46.850Z - GET request for /testimonials.html - 200 OK
2024-07-23T13:53:47.059Z - GET request for /images/christian-buehner-DItYlc26zVI-unsplash.jpg - 200 OK
2024-07-23T13:54:57.227Z - GET request for /testimonials.html - 200 OK
2024-07-23T13:54:57.651Z - GET request for /images/christian-buehner-DItYlc26zVI-unsplash.jpg - 200 OK
2024-07-23T13:56:05.782Z - GET request for /testimonials.html - 200 OK
2024-07-23T13:56:06.060Z - GET request for /images/christian-buehner-DItYlc26zVI-unsplash.jpg - 200 OK
2024-07-23T13:57:53.502Z - GET request for /testimonials.html - 200 OK
2024-07-23T13:57:53.768Z - GET request for /images/christian-buehner-DItYlc26zVI-unsplash.jpg - 200 OK
2024-07-23T13:58:10.457Z - GET request for /testimonials.html - 200 OK
2024-07-23T13:58:10.709Z - GET request for /images/christian-buehner-DItYlc26zVI-unsplash.jpg - 200 OK
2024-07-23T14:01:06.958Z - GET request for /testimonials.html - 200 OK
2024-07-23T14:01:07.338Z - GET request for /images/christian-buehner-DItYlc26zVI-unsplash.jpg - 200 OK
2024-07-23T14:09:43.893Z - GET request for /testimonials.html - 200 OK
2024-07-23T14:09:44.184Z - GET request for /images/second-image.jpg - 404 Not Found
2024-07-23T14:09:44.185Z - GET request for /images/third-image.jpg - 404 Not Found
2024-07-23T14:09:44.187Z - GET request for /images/fourth-image.jpg - 404 Not Found
2024-07-23T14:09:44.276Z - GET request for /images/christian-buehner-DItYlc26zVI-unsplash.jpg - 200 OK
2024-07-23T14:11:00.713Z - GET request for /testimonials.html - 200 OK
2024-07-23T14:11:00.954Z - GET request for /images/second-image.jpg - 404 Not Found
2024-07-23T14:11:00.960Z - GET request for /images/fourth-image.jpg - 404 Not Found
2024-07-23T14:11:00.961Z - GET request for /images/third-image.jpg - 404 Not Found
2024-07-23T14:11:01.078Z - GET request for /images/christian-buehner-DItYlc26zVI-unsplash.jpg - 200 OK
2024-07-23T14:13:55.068Z - GET request for /testimonials.html - 200 OK
2024-07-23T14:13:55.277Z - GET request for /images/second-image.jpg - 404 Not Found
2024-07-23T14:13:55.278Z - GET request for /images/third-image.jpg - 404 Not Found
2024-07-23T14:13:55.278Z - GET request for /images/fourth-image.jpg - 404 Not Found
2024-07-23T14:13:55.333Z - GET request for /images/christian-buehner-DItYlc26zVI-unsplash.jpg - 200 OK
2024-07-23T14:15:27.446Z - GET request for /testimonials.html - 200 OK
2024-07-23T14:15:27.676Z - GET request for /images/customer-image.jpg - 404 Not Found
2024-07-23T14:17:34.026Z - GET request for /testimonials.html - 200 OK
2024-07-23T14:17:34.227Z - GET request for /images/customer-image.jpg - 404 Not Found
2024-07-23T14:17:55.260Z - GET request for /testimonials.html - 200 OK
2024-07-23T14:17:55.476Z - GET request for /images/customer-image.jpg - 404 Not Found
2024-07-23T14:17:55.481Z - GET request for /images/christian-buehner-DItYlc26zVI-unsplash.jpg - 200 OK
2024-07-23T14:18:16.451Z - GET request for /testimonials.html - 200 OK
2024-07-23T14:18:16.683Z - GET request for /images/customer-image.jpg - 404 Not Found
2024-07-23T14:18:16.734Z - GET request for /images/christian-buehner-DItYlc26zVI-unsplash.jpg - 200 OK
2024-07-23T14:18:54.195Z - GET request for /testimonials.html - 200 OK
2024-07-23T14:18:54.372Z - GET request for /images/customer-image.jpg - 404 Not Found
2024-07-23T14:18:54.377Z - GET request for /images/microsoft-edge-fb_wM334yYQ-unsplash.jpg - 200 OK
2024-07-23T14:18:54.392Z - GET request for /images/christian-buehner-DItYlc26zVI-unsplash.jpg - 200 OK
2024-07-23T14:19:26.330Z - GET request for /testimonials.html - 200 OK
2024-07-23T14:19:26.605Z - GET request for /images/customer-image.jpg - 404 Not Found
2024-07-23T14:19:26.631Z - GET request for /images/christian-buehner-DItYlc26zVI-unsplash.jpg - 200 OK
2024-07-23T14:19:26.891Z - GET request for /images/microsoft-edge-fb_wM334yYQ-unsplash.jpg - 200 OK
2024-07-23T14:19:38.900Z - GET request for /about-us.html - 200 OK
2024-07-23T14:19:40.192Z - GET request for /images/elizeu-dias-2EGNqazbAMk-unsplash.jpg - 200 OK
2024-07-23T14:19:40.227Z - GET request for /images/mohamed-nohassi-hhSedyEULtQ-unsplash.jpg - 200 OK
2024-07-23T14:19:40.334Z - GET request for /images/jason-leung-poI7DelFiVA-unsplash.jpg - 200 OK
2024-07-23T14:19:40.635Z - GET request for /images/usman-yousaf-q2q5CdLuWnI-unsplash.jpg - 200 OK
2024-07-23T14:19:45.617Z - GET request for /testimonials.html - 200 OK
2024-07-23T14:19:45.914Z - GET request for /images/customer-image.jpg - 404 Not Found
2024-07-23T14:19:45.945Z - GET request for /images/christian-buehner-DItYlc26zVI-unsplash.jpg - 200 OK
2024-07-23T14:19:46.253Z - GET request for /images/microsoft-edge-fb_wM334yYQ-unsplash.jpg - 200 OK
2024-07-23T14:20:24.989Z - GET request for /testimonials.html - 200 OK
2024-07-23T14:20:25.225Z - GET request for /images/customer-image.jpg - 404 Not Found
2024-07-23T14:20:25.259Z - GET request for /images/christian-buehner-DItYlc26zVI-unsplash.jpg - 200 OK
2024-07-23T14:20:25.276Z - GET request for /images/microsoft-edge-fb_wM334yYQ-unsplash.jpg - 200 OK
2024-07-23T14:20:25.548Z - GET request for /images/levi-meir-clancy-bgg8xPGw_vQ-unsplash.jpg - 200 OK
2024-07-23T14:21:31.740Z - GET request for /testimonials.html - 200 OK
2024-07-23T14:21:32.024Z - GET request for /images/christian-buehner-DItYlc26zVI-unsplash.jpg - 200 OK
2024-07-23T14:21:32.029Z - GET request for /images/levi-meir-clancy-bgg8xPGw_vQ-unsplash.jpg - 200 OK
2024-07-23T14:21:32.034Z - GET request for /images/microsoft-edge-fb_wM334yYQ-unsplash.jpg - 200 OK
2024-07-23T14:21:32.277Z - GET request for /images/aiony-haust-3TLl_97HNJo-unsplash.jpg - 200 OK
2024-07-23T14:27:14.692Z - GET request for /contact-us.html - 200 OK
2024-07-23T14:27:16.937Z - GET request for /favicon.ico - 404 Not Found
2024-07-23T14:27:16.938Z - GET request for /testimonials.html - 200 OK
2024-07-23T14:27:19.563Z - GET request for /images/microsoft-edge-fb_wM334yYQ-unsplash.jpg - 200 OK
2024-07-23T14:27:19.684Z - GET request for /images/christian-buehner-DItYlc26zVI-unsplash.jpg - 200 OK
2024-07-23T14:27:19.896Z - GET request for /images/levi-meir-clancy-bgg8xPGw_vQ-unsplash.jpg - 200 OK
2024-07-23T14:27:19.974Z - GET request for /images/aiony-haust-3TLl_97HNJo-unsplash.jpg - 404 Not Found
2024-07-23T14:27:21.035Z - GET request for /favicon.ico - 404 Not Found
2024-07-23T14:30:45.930Z - GET request for /contact-us.html - 200 OK
2024-07-23T14:32:14.682Z - GET request for /contact-us.html - 200 OK
2024-07-23T14:33:08.458Z - GET request for /contact-us.html - 200 OK
2024-07-23T14:33:42.853Z - GET request for /contact-us.html - 200 OK
2024-07-23T14:34:22.801Z - GET request for /contact-us.html - 200 OK
2024-07-23T14:35:06.501Z - GET request for /contact-us.html - 200 OK
2024-07-23T14:36:40.262Z - GET request for /about-us.html - 200 OK
2024-07-23T14:36:43.355Z - GET request for /testimonials.html - 200 OK
2024-07-23T14:36:43.356Z - GET request for /index.html - 200 OK
2024-07-23T14:36:43.398Z - GET request for /images/elizeu-dias-2EGNqazbAMk-unsplash.jpg - 200 OK
2024-07-23T14:36:43.473Z - GET request for /images/jason-leung-poI7DelFiVA-unsplash.jpg - 200 OK
2024-07-23T14:36:43.667Z - GET request for /images/usman-yousaf-q2q5CdLuWnI-unsplash.jpg - 200 OK
2024-07-23T14:36:43.668Z - GET request for /images/mohamed-nohassi-hhSedyEULtQ-unsplash.jpg - 200 OK
2024-07-23T14:36:46.165Z - GET request for /index.html - 200 OK
2024-07-23T14:36:46.236Z - GET request for /images/bimo-luki-mwHzM7qB7vk-unsplash.jpg - 200 OK
2024-07-23T14:38:09.418Z - GET request for /index.html - 200 OK
2024-07-23T14:38:09.867Z - GET request for /images/bimo-luki-mwHzM7qB7vk-unsplash.jpg - 200 OK
2024-07-23T14:38:15.237Z - GET request for /index.html - 200 OK
2024-07-23T14:38:15.620Z - GET request for /images/bimo-luki-mwHzM7qB7vk-unsplash.jpg - 200 OK
2024-07-23T14:38:30.686Z - GET request for /index.html - 200 OK
2024-07-23T14:38:31.277Z - GET request for /images/bimo-luki-mwHzM7qB7vk-unsplash.jpg - 200 OK
2024-07-23T14:38:32.643Z - GET request for /favicon.ico - 404 Not Found
2024-07-23T14:38:47.919Z - GET request for /about-us.html - 200 OK
2024-07-23T14:38:49.314Z - GET request for /testimonials.html - 200 OK
2024-07-23T14:38:49.618Z - GET request for /images/aiony-haust-3TLl_97HNJo-unsplash.jpg - 404 Not Found
2024-07-23T14:38:50.663Z - GET request for /contact-us.html - 200 OK
2024-07-23T14:38:52.125Z - GET request for /index.html - 200 OK
2024-07-23T14:38:52.538Z - GET request for /images/bimo-luki-mwHzM7qB7vk-unsplash.jpg - 200 OK
2024-07-23T14:38:53.274Z - GET request for /about-us.html - 200 OK
2024-07-23T14:38:54.176Z - GET request for /images/usman-yousaf-q2q5CdLuWnI-unsplash.jpg - 200 OK
2024-07-23T14:38:54.209Z - GET request for /images/jason-leung-poI7DelFiVA-unsplash.jpg - 200 OK
2024-07-23T14:38:55.494Z - GET request for /images/mohamed-nohassi-hhSedyEULtQ-unsplash.jpg - 200 OK
2024-07-23T14:38:55.495Z - GET request for /testimonials.html - 200 OK
2024-07-23T14:38:55.496Z - GET request for /contact-us.html - 200 OK
2024-07-23T14:38:55.542Z - GET request for /images/elizeu-dias-2EGNqazbAMk-unsplash.jpg - 200 OK
2024-07-23T14:39:40.077Z - GET request for /contact-us.html - 200 OK
2024-07-23T14:39:45.291Z - GET request for /index.html - 200 OK
2024-07-23T14:39:46.866Z - GET request for /images/bimo-luki-mwHzM7qB7vk-unsplash.jpg - 200 OK
2024-07-23T14:40:27.454Z - GET request for /index.html - 200 OK
2024-07-23T14:40:27.761Z - GET request for /images/bimo-luki-mwHzM7qB7vk-unsplash.jpg - 200 OK
2024-07-23T14:41:20.137Z - GET request for /index.html - 200 OK
2024-07-23T14:41:20.332Z - GET request for /images/bimo-luki-mwHzM7qB7vk-unsplash.jpg - 200 OK
2024-07-23T14:41:45.301Z - GET request for /index.html - 200 OK
2024-07-23T14:41:45.587Z - GET request for /images/bimo-luki-mwHzM7qB7vk-unsplash.jpg - 200 OK
2024-07-23T14:41:49.189Z - GET request for /about-us.html - 200 OK
2024-07-23T14:41:50.117Z - GET request for /images/mohamed-nohassi-hhSedyEULtQ-unsplash.jpg - 200 OK
2024-07-23T14:41:50.124Z - GET request for /images/usman-yousaf-q2q5CdLuWnI-unsplash.jpg - 200 OK
2024-07-23T14:41:50.126Z - GET request for /images/elizeu-dias-2EGNqazbAMk-unsplash.jpg - 200 OK
2024-07-23T14:41:50.131Z - GET request for /images/jason-leung-poI7DelFiVA-unsplash.jpg - 200 OK
2024-07-23T14:42:35.107Z - GET request for /about-us.html - 200 OK
2024-07-23T14:42:35.378Z - GET request for /images/jason-leung-poI7DelFiVA-unsplash.jpg - 200 OK
2024-07-23T14:42:35.386Z - GET request for /images/elizeu-dias-2EGNqazbAMk-unsplash.jpg - 200 OK
2024-07-23T14:42:35.387Z - GET request for /images/mohamed-nohassi-hhSedyEULtQ-unsplash.jpg - 200 OK
2024-07-23T14:42:35.589Z - GET request for /images/usman-yousaf-q2q5CdLuWnI-unsplash.jpg - 200 OK
2024-07-23T14:42:37.597Z - GET request for /index.html - 200 OK
2024-07-23T14:42:38.241Z - GET request for /images/bimo-luki-mwHzM7qB7vk-unsplash.jpg - 200 OK
2024-07-23T14:43:06.884Z - GET request for /index.html - 200 OK
2024-07-23T14:43:07.168Z - GET request for /images/bimo-luki-mwHzM7qB7vk-unsplash.jpg - 200 OK
2024-07-23T14:43:12.424Z - GET request for /index.html - 200 OK
2024-07-23T14:43:12.668Z - GET request for /images/bimo-luki-mwHzM7qB7vk-unsplash.jpg - 200 OK
2024-07-23T14:44:20.811Z - GET request for /index.html - 200 OK
2024-07-23T14:44:21.047Z - GET request for /images/bimo-luki-mwHzM7qB7vk-unsplash.jpg - 200 OK
2024-07-23T14:44:24.554Z - GET request for /about-us.html - 200 OK
2024-07-23T14:44:25.092Z - GET request for /images/jason-leung-poI7DelFiVA-unsplash.jpg - 200 OK
2024-07-23T14:44:25.099Z - GET request for /images/elizeu-dias-2EGNqazbAMk-unsplash.jpg - 200 OK
2024-07-23T14:44:25.100Z - GET request for /images/mohamed-nohassi-hhSedyEULtQ-unsplash.jpg - 200 OK
2024-07-23T14:44:25.141Z - GET request for /images/usman-yousaf-q2q5CdLuWnI-unsplash.jpg - 200 OK
2024-07-23T14:44:26.846Z - GET request for /index.html - 200 OK
2024-07-23T14:44:27.543Z - GET request for /images/bimo-luki-mwHzM7qB7vk-unsplash.jpg - 200 OK
2024-07-23T14:44:45.817Z - GET request for /index.html - 200 OK
2024-07-23T14:44:46.046Z - GET request for /images/bimo-luki-mwHzM7qB7vk-unsplash.jpg - 200 OK
2024-07-23T14:44:47.776Z - GET request for /about-us.html - 200 OK
2024-07-23T14:44:48.259Z - GET request for /images/jason-leung-poI7DelFiVA-unsplash.jpg - 200 OK
2024-07-23T14:44:48.268Z - GET request for /images/mohamed-nohassi-hhSedyEULtQ-unsplash.jpg - 200 OK
2024-07-23T14:44:48.271Z - GET request for /images/usman-yousaf-q2q5CdLuWnI-unsplash.jpg - 200 OK
2024-07-23T14:44:48.275Z - GET request for /images/elizeu-dias-2EGNqazbAMk-unsplash.jpg - 200 OK
2024-07-23T14:44:49.730Z - GET request for /index.html - 200 OK
2024-07-23T14:44:51.086Z - GET request for /images/bimo-luki-mwHzM7qB7vk-unsplash.jpg - 200 OK
2024-07-23T14:45:42.451Z - GET request for /index.html - 200 OK
2024-07-23T14:45:42.693Z - GET request for /images/bimo-luki-mwHzM7qB7vk-unsplash.jpg - 200 OK
2024-07-23T14:45:46.535Z - GET request for /about-us.html - 200 OK
2024-07-23T14:45:46.952Z - GET request for /images/mohamed-nohassi-hhSedyEULtQ-unsplash.jpg - 200 OK
2024-07-23T14:45:46.953Z - GET request for /images/elizeu-dias-2EGNqazbAMk-unsplash.jpg - 200 OK
2024-07-23T14:45:46.960Z - GET request for /images/usman-yousaf-q2q5CdLuWnI-unsplash.jpg - 200 OK
2024-07-23T14:45:46.968Z - GET request for /images/jason-leung-poI7DelFiVA-unsplash.jpg - 200 OK
2024-07-23T14:45:48.235Z - GET request for /index.html - 200 OK
2024-07-23T14:45:48.830Z - GET request for /images/bimo-luki-mwHzM7qB7vk-unsplash.jpg - 200 OK
2024-07-23T14:46:02.037Z - GET request for /about-us.html - 200 OK
2024-07-23T14:46:02.283Z - GET request for /images/jason-leung-poI7DelFiVA-unsplash.jpg - 200 OK
2024-07-23T14:46:02.405Z - GET request for /images/elizeu-dias-2EGNqazbAMk-unsplash.jpg - 200 OK
2024-07-23T14:46:02.409Z - GET request for /images/mohamed-nohassi-hhSedyEULtQ-unsplash.jpg - 200 OK
2024-07-23T14:46:02.412Z - GET request for /images/usman-yousaf-q2q5CdLuWnI-unsplash.jpg - 200 OK
2024-07-23T14:48:45.482Z - GET request for /about-us.html - 200 OK
2024-07-23T14:48:45.745Z - GET request for /css/style.css - 200 OK
2024-07-23T14:48:45.889Z - GET request for /images/jason-leung-poI7DelFiVA-unsplash.jpg - 200 OK
2024-07-23T14:48:45.896Z - GET request for /images/elizeu-dias-2EGNqazbAMk-unsplash.jpg - 200 OK
2024-07-23T14:48:45.899Z - GET request for /images/usman-yousaf-q2q5CdLuWnI-unsplash.jpg - 200 OK
2024-07-23T14:48:45.901Z - GET request for /images/mohamed-nohassi-hhSedyEULtQ-unsplash.jpg - 200 OK
2024-07-23T14:50:02.317Z - GET request for /about-us.html - 200 OK
2024-07-23T14:50:02.646Z - GET request for /css/style.css - 200 OK
2024-07-23T14:50:02.689Z - GET request for /images/elizeu-dias-2EGNqazbAMk-unsplash.jpg - 200 OK
2024-07-23T14:50:02.692Z - GET request for /images/usman-yousaf-q2q5CdLuWnI-unsplash.jpg - 200 OK
2024-07-23T14:50:02.695Z - GET request for /images/mohamed-nohassi-hhSedyEULtQ-unsplash.jpg - 200 OK
2024-07-23T14:50:02.923Z - GET request for /images/jason-leung-poI7DelFiVA-unsplash.jpg - 200 OK
2024-07-23T14:50:05.481Z - GET request for /testimonials.html - 200 OK
2024-07-23T14:50:05.985Z - GET request for /css/style.css - 200 OK
2024-07-23T14:50:07.062Z - GET request for /images/aiony-haust-3TLl_97HNJo-unsplash.jpg - 404 Not Found
2024-07-23T14:50:07.226Z - GET request for /images/christian-buehner-DItYlc26zVI-unsplash.jpg - 200 OK
2024-07-23T14:50:07.502Z - GET request for /images/levi-meir-clancy-bgg8xPGw_vQ-unsplash.jpg - 200 OK
2024-07-23T14:50:07.877Z - GET request for /images/microsoft-edge-fb_wM334yYQ-unsplash.jpg - 200 OK
2024-07-23T14:50:08.470Z - GET request for /contact-us.html - 200 OK
2024-07-23T14:50:12.044Z - GET request for /css/style.css - 200 OK
2024-07-23T14:50:15.557Z - GET request for /index.html - 200 OK
2024-07-23T14:50:15.866Z - GET request for /css/style.css - 200 OK
2024-07-23T14:50:15.973Z - GET request for /images/bimo-luki-mwHzM7qB7vk-unsplash.jpg - 200 OK
2024-07-23T14:51:40.739Z - GET request for /index2.html - 404 Not Found
2024-07-23T15:02:50.299Z - GET request for /index2.html - 404 Not Found
2024-07-23T15:02:50.534Z - GET request for /css/style.css - 200 OK
2024-07-23T15:02:51.407Z - GET request for /favicon.ico - 404 Not Found
2024-07-23T15:03:08.425Z - GET request for /index2.html - 404 Not Found
2024-07-23T15:03:08.693Z - GET request for /css/style.css - 200 OK
2024-07-23T15:03:08.863Z - GET request for /favicon.ico - 404 Not Found
2024-07-23T15:04:00.719Z - GET request for /index2.html - 404 Not Found
2024-07-23T15:04:01.040Z - GET request for /css/style.css - 200 OK
2024-07-23T15:04:01.285Z - GET request for /favicon.ico - 404 Not Found
2024-07-23T15:10:02.952Z - GET request for /index2.html - 404 Not Found
2024-07-23T15:10:03.227Z - GET request for /images/404%20error%20lost%20in%20space-pana.svg - 404 Not Found
2024-07-23T15:10:03.232Z - GET request for /css/style.css - 200 OK
2024-07-23T15:10:14.279Z - GET request for /index2.html - 404 Not Found
2024-07-23T15:10:14.543Z - GET request for /css/style.css - 200 OK
2024-07-23T15:10:14.546Z - GET request for /images/404%20error%20lost%20in%20space-pana.svg - 404 Not Found
2024-07-23T15:10:25.247Z - GET request for /index2.html - 404 Not Found
2024-07-23T15:10:25.712Z - GET request for /css/style.css - 200 OK
2024-07-23T15:10:25.719Z - GET request for /images/404%20error%20lost%20in%20space-pana.svg - 404 Not Found
2024-07-23T15:10:50.000Z - GET request for /index2.html - 404 Not Found
2024-07-23T15:10:50.218Z - GET request for /css/style.css - 200 OK
2024-07-23T15:10:50.228Z - GET request for /images/404%20error%20lost%20in%20space-pana.svg - 404 Not Found
2024-07-23T15:10:52.493Z - GET request for /favicon.ico - 404 Not Found
2024-07-23T15:11:37.902Z - GET request for /index2.html - 404 Not Found
2024-07-23T15:11:38.109Z - GET request for /css/style.css - 200 OK
2024-07-23T15:11:38.112Z - GET request for /images/404errorlostinspace-pana.svg - 200 OK
2024-07-23T15:12:08.830Z - GET request for /index.html - 200 OK
2024-07-24T12:12:34.044Z - GET request for / - 200 OK
2024-07-24T12:12:34.653Z - GET request for /css/style.css - 200 OK
2024-07-24T12:12:35.096Z - GET request for /favicon.ico - 500 Internal Server Error
2024-07-24T12:12:35.114Z - GET request for /images/bimo-luki-mwHzM7qB7vk-unsplash.jpg - 200 OK
2024-07-24T12:13:56.371Z - GET request for /about-us.html - 200 OK
2024-07-24T12:13:56.533Z - GET request for /css/style.css - 200 OK
2024-07-24T12:13:57.127Z - GET request for /images/jason-leung-poI7DelFiVA-unsplash.jpg - 200 OK
2024-07-24T12:13:57.250Z - GET request for /images/elizeu-dias-2EGNqazbAMk-unsplash.jpg - 200 OK
2024-07-24T12:13:57.358Z - GET request for /images/mohamed-nohassi-hhSedyEULtQ-unsplash.jpg - 200 OK
2024-07-24T12:13:57.400Z - GET request for /images/usman-yousaf-q2q5CdLuWnI-unsplash.jpg - 200 OK
2024-07-24T12:14:40.167Z - GET request for /testimonials.html - 200 OK
2024-07-24T12:14:40.359Z - GET request for /css/style.css - 200 OK
2024-07-24T12:14:40.390Z - GET request for /images/aiony-haust-3TLl_97HNJo-unsplash.jpg - 500 Internal Server Error
2024-07-24T12:14:40.452Z - GET request for /images/christian-buehner-DItYlc26zVI-unsplash.jpg - 200 OK
2024-07-24T12:14:40.589Z - GET request for /images/microsoft-edge-fb_wM334yYQ-unsplash.jpg - 200 OK
2024-07-24T12:14:40.656Z - GET request for /images/levi-meir-clancy-bgg8xPGw_vQ-unsplash.jpg - 200 OK
2024-07-24T12:14:49.033Z - GET request for /testimonials.html - 200 OK
2024-07-24T12:14:49.209Z - GET request for /css/style.css - 200 OK
2024-07-24T12:14:49.213Z - GET request for /images/aiony-haust-3TLl_97HNJo-unsplash.jpg - 500 Internal Server Error
2024-07-24T12:14:49.228Z - GET request for /images/christian-buehner-DItYlc26zVI-unsplash.jpg - 200 OK
2024-07-24T12:14:49.234Z - GET request for /images/levi-meir-clancy-bgg8xPGw_vQ-unsplash.jpg - 200 OK
2024-07-24T12:14:49.246Z - GET request for /images/microsoft-edge-fb_wM334yYQ-unsplash.jpg - 200 OK
2024-07-24T12:16:22.536Z - GET request for /contact-us.html - 200 OK
2024-07-24T12:16:22.690Z - GET request for /css/style.css - 200 OK
2024-07-24T12:18:11.185Z - GET request for /contactus.html - 500 Internal Server Error
2024-07-24T12:18:16.972Z - GET request for /contactus.html - 500 Internal Server Error
2024-07-24T12:18:27.860Z - GET request for /c.html - 500 Internal Server Error
2024-07-24T12:18:47.160Z - GET request for /index1.html - 500 Internal Server Error
2024-07-24T12:20:27.836Z - GET request for /404.html - 200 OK
2024-07-24T12:20:28.097Z - GET request for /css/style.css - 200 OK
2024-07-24T12:20:28.104Z - GET request for /images/404errorlostinspace-pana.svg - 200 OK
2024-07-24T12:22:30.956Z - GET request for /index1.html - 500 Internal Server Error
2024-07-24T12:22:43.911Z - GET request for /inde9x.html - 500 Internal Server Error
2024-07-24T12:25:03.523Z - GET request for /index1.html - 500 Internal Server Error
2024-07-24T12:25:04.522Z - GET request for /index1.html - 500 Internal Server Error
2024-07-24T12:26:30.870Z - GET request for /index1html - 500 Internal Server Error
2024-07-24T12:26:31.099Z - GET request for /favicon.ico - 500 Internal Server Error
2024-07-24T12:28:12.297Z - GET request for /index.html - 200 OK
2024-07-24T12:28:12.478Z - GET request for /css/style.css - 200 OK
2024-07-24T12:28:13.059Z - GET request for /images/bimo-luki-mwHzM7qB7vk-unsplash.jpg - 200 OK
2024-07-24T12:28:47.926Z - GET request for /404.html - 200 OK
2024-07-24T12:28:48.129Z - GET request for /css/style.css - 200 OK
2024-07-24T12:28:48.192Z - GET request for /images/404errorlostinspace-pana.svg - 200 OK
2024-07-24T12:30:27.392Z - GET request for /index.html - 200 OK
2024-07-24T12:30:27.521Z - GET request for /css/style.css - 200 OK
2024-07-24T12:30:27.950Z - GET request for /images/bimo-luki-mwHzM7qB7vk-unsplash.jpg - 200 OK
2024-07-24T12:30:33.617Z - GET request for /index3.html - 500 Internal Server Error
2024-07-24T12:30:47.168Z - GET request for /404.html - 200 OK
2024-07-24T12:30:47.377Z - GET request for /css/style.css - 200 OK
2024-07-24T12:30:47.403Z - GET request for /images/404errorlostinspace-pana.svg - 200 OK
